{"/Users/cb/workspace/tmp/hex/spec.js":{"path":"/Users/cb/workspace/tmp/hex/spec.js","s":{"1":1,"2":1,"3":0,"4":1,"5":1,"6":1,"7":1,"8":1,"9":1,"10":1,"11":1,"12":1,"13":1,"14":1,"15":1,"16":1,"17":1,"18":1,"19":1,"20":1,"21":1,"22":1,"23":1,"24":1,"25":1,"26":1,"27":3,"28":1,"29":1,"30":1,"31":1,"32":2,"33":1,"34":1,"35":1,"36":1,"37":1,"38":1,"39":1,"40":3,"41":1,"42":1,"43":1,"44":1,"45":3,"46":6,"47":3,"48":1,"49":1,"50":1},"b":{"1":[1,0],"2":[1,1],"3":[0,0],"4":[0,0,0]},"f":{"1":1,"2":0,"3":1,"4":3,"5":2,"6":1,"7":3,"8":3,"9":6,"10":3},"fnMap":{"1":{"name":"(anonymous_1)","line":3,"loc":{"start":{"line":0,"column":0},"end":{"line":0,"column":0},"skip":true},"skip":true},"2":{"name":"(anonymous_2)","line":3,"loc":{"start":{"line":0,"column":0},"end":{"line":0,"column":0},"skip":true},"skip":true},"3":{"name":"(anonymous_3)","line":9,"loc":{"start":{"line":6,"column":23},"end":{"line":6,"column":33}}},"4":{"name":"(anonymous_4)","line":39,"loc":{"start":{"line":42,"column":17},"end":{"line":42,"column":17}}},"5":{"name":"(anonymous_5)","line":47,"loc":{"start":{"line":50,"column":20},"end":{"line":50,"column":20}}},"6":{"name":"(anonymous_6)","line":57,"loc":{"start":{"line":60,"column":26},"end":{"line":60,"column":36}}},"7":{"name":"(anonymous_7)","line":63,"loc":{"start":{"line":66,"column":10},"end":{"line":66,"column":10}}},"8":{"name":"(anonymous_8)","line":71,"loc":{"start":{"line":79,"column":10},"end":{"line":79,"column":10}}},"9":{"name":"(anonymous_9)","line":72,"loc":{"start":{"line":82,"column":11},"end":{"line":82,"column":11}}},"10":{"name":"(anonymous_10)","line":74,"loc":{"start":{"line":83,"column":14},"end":{"line":83,"column":14}}}},"statementMap":{"1":{"start":{"line":0,"column":0},"end":{"line":0,"column":0},"skip":true},"2":{"start":{"line":0,"column":0},"end":{"line":0,"column":0},"skip":true},"3":{"start":{"line":0,"column":0},"end":{"line":0,"column":0},"skip":true},"4":{"start":{"line":3,"column":0},"end":{"line":3,"column":0}},"5":{"start":{"line":4,"column":0},"end":{"line":4,"column":0}},"6":{"start":{"line":6,"column":0},"end":{"line":6,"column":0}},"7":{"start":{"line":7,"column":2},"end":{"line":7,"column":2}},"8":{"start":{"line":9,"column":2},"end":{"line":9,"column":2}},"9":{"start":{"line":10,"column":2},"end":{"line":10,"column":2}},"10":{"start":{"line":11,"column":2},"end":{"line":11,"column":2}},"11":{"start":{"line":13,"column":2},"end":{"line":13,"column":2}},"12":{"start":{"line":17,"column":2},"end":{"line":17,"column":2}},"13":{"start":{"line":18,"column":2},"end":{"line":18,"column":2}},"14":{"start":{"line":19,"column":2},"end":{"line":19,"column":2}},"15":{"start":{"line":21,"column":2},"end":{"line":21,"column":2}},"16":{"start":{"line":25,"column":2},"end":{"line":25,"column":2}},"17":{"start":{"line":26,"column":2},"end":{"line":26,"column":2}},"18":{"start":{"line":27,"column":2},"end":{"line":27,"column":2}},"19":{"start":{"line":29,"column":2},"end":{"line":29,"column":2}},"20":{"start":{"line":32,"column":2},"end":{"line":32,"column":2}},"21":{"start":{"line":34,"column":2},"end":{"line":34,"column":2}},"22":{"start":{"line":35,"column":2},"end":{"line":35,"column":2}},"23":{"start":{"line":36,"column":2},"end":{"line":36,"column":2}},"24":{"start":{"line":37,"column":2},"end":{"line":37,"column":2}},"25":{"start":{"line":41,"column":2},"end":{"line":41,"column":2}},"26":{"start":{"line":42,"column":2},"end":{"line":42,"column":2}},"27":{"start":{"line":42,"column":17},"end":{"line":42,"column":17}},"28":{"start":{"line":43,"column":2},"end":{"line":43,"column":2}},"29":{"start":{"line":45,"column":2},"end":{"line":45,"column":2}},"30":{"start":{"line":49,"column":2},"end":{"line":49,"column":2}},"31":{"start":{"line":50,"column":2},"end":{"line":50,"column":2}},"32":{"start":{"line":50,"column":20},"end":{"line":50,"column":20}},"33":{"start":{"line":51,"column":2},"end":{"line":51,"column":2}},"34":{"start":{"line":53,"column":2},"end":{"line":53,"column":2}},"35":{"start":{"line":57,"column":2},"end":{"line":57,"column":2}},"36":{"start":{"line":60,"column":0},"end":{"line":60,"column":0}},"37":{"start":{"line":61,"column":2},"end":{"line":61,"column":2}},"38":{"start":{"line":63,"column":2},"end":{"line":63,"column":2}},"39":{"start":{"line":64,"column":2},"end":{"line":64,"column":2}},"40":{"start":{"line":66,"column":10},"end":{"line":66,"column":10}},"41":{"start":{"line":70,"column":2},"end":{"line":70,"column":2}},"42":{"start":{"line":72,"column":2},"end":{"line":72,"column":2}},"43":{"start":{"line":76,"column":2},"end":{"line":76,"column":2}},"44":{"start":{"line":77,"column":2},"end":{"line":77,"column":2}},"45":{"start":{"line":79,"column":10},"end":{"line":79,"column":10}},"46":{"start":{"line":82,"column":11},"end":{"line":82,"column":11}},"47":{"start":{"line":83,"column":14},"end":{"line":83,"column":14}},"48":{"start":{"line":86,"column":2},"end":{"line":86,"column":2}},"49":{"start":{"line":87,"column":2},"end":{"line":87,"column":2}},"50":{"start":{"line":91,"column":2},"end":{"line":91,"column":2}}},"branchMap":{"1":{"line":3,"type":"cond-expr","locations":[{"start":{"line":0,"column":0},"end":{"line":0,"column":0},"skip":true},{"start":{"line":0,"column":0},"end":{"line":0,"column":0},"skip":true}]},"2":{"line":3,"type":"binary-expr","locations":[{"start":{"line":0,"column":0},"end":{"line":0,"column":0},"skip":true},{"start":{"line":0,"column":0},"end":{"line":0,"column":0},"skip":true}]},"3":{"line":3,"type":"cond-expr","locations":[{"start":{"line":0,"column":0},"end":{"line":0,"column":0},"skip":true},{"start":{"line":0,"column":0},"end":{"line":0,"column":0},"skip":true}]},"4":{"line":3,"type":"binary-expr","locations":[{"start":{"line":0,"column":0},"end":{"line":0,"column":0},"skip":true},{"start":{"line":0,"column":0},"end":{"line":0,"column":0},"skip":true},{"start":{"line":0,"column":0},"end":{"line":0,"column":0},"skip":true}]}}},"/Users/cb/workspace/tmp/hex/utils.js":{"path":"/Users/cb/workspace/tmp/hex/utils.js","s":{"1":1,"2":1,"3":2,"4":2,"5":2,"6":2,"7":6,"8":2,"9":2,"10":2,"11":3,"12":3,"13":3,"14":3,"15":1,"16":1,"17":1,"18":1,"19":1,"20":1,"21":2,"22":1},"b":{},"f":{"1":2,"2":2,"3":6,"4":2,"5":2,"6":3,"7":3,"8":3,"9":3,"10":1,"11":1,"12":1,"13":1,"14":1,"15":2},"fnMap":{"1":{"name":"compose","line":7,"loc":{"start":{"line":2,"column":11},"end":{"line":2,"column":21}}},"2":{"name":"(anonymous_2)","line":9,"loc":{"start":{"line":4,"column":11},"end":{"line":4,"column":23}}},"3":{"name":"(anonymous_3)","line":11,"loc":{"start":{"line":6,"column":19},"end":{"line":6,"column":26}}},"4":{"name":"split","line":17,"loc":{"start":{"line":12,"column":9},"end":{"line":12,"column":9}}},"5":{"name":"(anonymous_5)","line":18,"loc":{"start":{"line":12,"column":17},"end":{"line":12,"column":17}}},"6":{"name":"join","line":22,"loc":{"start":{"line":13,"column":8},"end":{"line":13,"column":8}}},"7":{"name":"(anonymous_7)","line":23,"loc":{"start":{"line":13,"column":16},"end":{"line":13,"column":16}}},"8":{"name":"map","line":27,"loc":{"start":{"line":14,"column":7},"end":{"line":14,"column":7}}},"9":{"name":"(anonymous_9)","line":28,"loc":{"start":{"line":14,"column":14},"end":{"line":14,"column":14}}},"10":{"name":"reduce","line":32,"loc":{"start":{"line":15,"column":10},"end":{"line":15,"column":10}}},"11":{"name":"(anonymous_11)","line":33,"loc":{"start":{"line":15,"column":17},"end":{"line":15,"column":17}}},"12":{"name":"log","line":37,"loc":{"start":{"line":16,"column":7},"end":{"line":16,"column":7}}},"13":{"name":"(anonymous_13)","line":38,"loc":{"start":{"line":16,"column":16},"end":{"line":16,"column":23}}},"14":{"name":"reverse","line":42,"loc":{"start":{"line":17,"column":11},"end":{"line":17,"column":11}}},"15":{"name":"toString","line":45,"loc":{"start":{"line":18,"column":12},"end":{"line":18,"column":12}}}},"statementMap":{"1":{"start":{"line":0,"column":0},"end":{"line":0,"column":0},"skip":true},"2":{"start":{"line":1,"column":-15},"end":{"line":1,"column":-15}},"3":{"start":{"line":3,"column":4},"end":{"line":3,"column":4}},"4":{"start":{"line":4,"column":4},"end":{"line":4,"column":4}},"5":{"start":{"line":5,"column":6},"end":{"line":5,"column":6}},"6":{"start":{"line":6,"column":6},"end":{"line":6,"column":6}},"7":{"start":{"line":7,"column":8},"end":{"line":7,"column":8}},"8":{"start":{"line":9,"column":6},"end":{"line":9,"column":6}},"9":{"start":{"line":12,"column":9},"end":{"line":12,"column":9}},"10":{"start":{"line":12,"column":17},"end":{"line":12,"column":17}},"11":{"start":{"line":13,"column":8},"end":{"line":13,"column":8}},"12":{"start":{"line":13,"column":16},"end":{"line":13,"column":16}},"13":{"start":{"line":14,"column":7},"end":{"line":14,"column":7}},"14":{"start":{"line":14,"column":14},"end":{"line":14,"column":14}},"15":{"start":{"line":15,"column":10},"end":{"line":15,"column":10}},"16":{"start":{"line":15,"column":17},"end":{"line":15,"column":17}},"17":{"start":{"line":16,"column":7},"end":{"line":16,"column":7}},"18":{"start":{"line":16,"column":25},"end":{"line":16,"column":46}},"19":{"start":{"line":16,"column":46},"end":{"line":16,"column":46}},"20":{"start":{"line":17,"column":11},"end":{"line":17,"column":11}},"21":{"start":{"line":18,"column":12},"end":{"line":18,"column":12}},"22":{"start":{"line":0,"column":0},"end":{"line":0,"column":0},"skip":true}},"branchMap":{}}}